<?xml version="1.0" encoding="UTF-8"?>
<!-- Generated by org.testng.reporters.JUnitReportReporter -->
<testsuite name="com.course.cases.GetUserInfoTest" tests="1" time="0.079" ignored="0" failures="0" timestamp="24 七月 2018 07:44:58 GMT" skipped="0" hostname="sysware-PC" errors="0">
  <testcase name="getUserInfo" time="0.079" classname="com.course.cases.GetUserInfoTest"/>
</testsuite> <!-- com.course.cases.GetUserInfoTest -->
