<?xml version="1.0" encoding="UTF-8"?>
<!-- Generated by org.testng.reporters.JUnitReportReporter -->
<testsuite name="com.course.cases.LoginTest" tests="2" time="0.762" ignored="0" failures="0" timestamp="24 七月 2018 07:44:58 GMT" skipped="0" hostname="sysware-PC" errors="0">
  <testcase name="loginTrue" time="0.720" classname="com.course.cases.LoginTest"/>
  <testcase name="loginFalse" time="0.042" classname="com.course.cases.LoginTest"/>
</testsuite> <!-- com.course.cases.LoginTest -->
