<?xml version="1.0" encoding="UTF-8"?>
<!-- Generated by org.testng.reporters.JUnitReportReporter -->
<testsuite name="com.course.cases.UpdateUserInfoTest" tests="2" time="26.293" ignored="0" failures="0" timestamp="24 七月 2018 07:44:58 GMT" skipped="0" hostname="sysware-PC" errors="0">
  <testcase name="updateUserInfo" time="13.137" classname="com.course.cases.UpdateUserInfoTest"/>
  <testcase name="deleteUser" time="13.156" classname="com.course.cases.UpdateUserInfoTest"/>
</testsuite> <!-- com.course.cases.UpdateUserInfoTest -->
